<?xml version="1.0" encoding="UTF-8"?>
<!-- Generated by org.testng.reporters.JUnitReportReporter -->
<testsuite hostname="Karthiks-Air.attlocal.net" failures="0" tests="2" name="tests.homeSearch" time="5.239" errors="0" timestamp="28 May 2019 01:08:38 GMT" skipped="0">
  <testcase classname="tests.homeSearch" name="autoSuggestclick" time="5.214"/>
  <testcase classname="tests.homeSearch" name="validateOpenLink" time="0.025"/>
</testsuite> <!-- tests.homeSearch -->
